<?xml version="1.0" encoding="UTF-8"?>
<testsuite xmlns:xsi="http://www.w3.org/2001/XMLSchema-instance" xsi:noNamespaceSchemaLocation="https://maven.apache.org/surefire/maven-surefire-plugin/xsd/surefire-test-report.xsd" name="TestSuite" time="143.63" tests="6" errors="0" skipped="0" failures="1">
  <properties>
[...]
</properties>
  <testcase name="feature" classname="upskill.runners.RunnerClass" time="63.642">
    <failure message="org.openqa.selenium.NoSuchElementException: no such element: Unable to locate element: {&quot;method&quot;:&quot;xpath&quot;,&quot;selector&quot;:&quot;//span[2][contains(text(), &apos;shoes&apos;)]&quot;}&#10;  (Session info: chrome=107.0.5304.107)&#10;For documentation on this error, please visit: http://seleniumhq.org/exceptions/no_such_element.html&#10;Build info: version: &apos;3.12.0&apos;, revision: &apos;7c6e0b3&apos;, time: &apos;2018-05-08T14:04:26.12Z&apos;&#10;System info: host: &apos;DESKTOP-2LPGSEH&apos;, ip: &apos;192.168.1.96&apos;, os.name: &apos;Windows 10&apos;, os.arch: &apos;amd64&apos;, os.version: &apos;10.0&apos;, java.version: &apos;1.8.0_202&apos;&#10;Driver info: org.openqa.selenium.chrome.ChromeDriver&#10;Capabilities {acceptInsecureCerts: false, browserName: chrome, browserVersion: 107.0.5304.107, chrome: {chromedriverVersion: 107.0.5304.62 (1eec40d3a576..., userDataDir: C:\Users\GSMKIB~1\AppData\L...}, goog:chromeOptions: {debuggerAddress: localhost:60625}, javascriptEnabled: true, networkConnectionEnabled: false, pageLoadStrategy: normal, platform: WINDOWS, platformName: WINDOWS, proxy: Proxy(), setWindowRect: true, strictFileInteractability: false, timeouts: {implicit: 0, pageLoad: 300000, script: 30000}, unhandledPromptBehavior: dismiss and notify, webauthn:extension:credBlob: true, webauthn:extension:largeBlob: true, webauthn:virtualAuthenticators: true}&#10;Session ID: fe7e28978613efaed6aaa78be0f6ea19&#10;*** Element info: {Using=xpath, value=//span[2][contains(text(), &apos;shoes&apos;)]}" type="cucumber.runtime.CucumberException">cucumber.runtime.CucumberException: 
org.openqa.selenium.NoSuchElementException: no such element: Unable to locate element: {"method":"xpath","selector":"//span[2][contains(text(), 'shoes')]"}
  (Session info: chrome=107.0.5304.107)
For documentation on this error, please visit: http://seleniumhq.org/exceptions/no_such_element.html
Build info: version: '3.12.0', revision: '7c6e0b3', time: '2018-05-08T14:04:26.12Z'
System info: host: 'DESKTOP-2LPGSEH', ip: '192.168.1.96', os.name: 'Windows 10', os.arch: 'amd64', os.version: '10.0', java.version: '1.8.0_202'
Driver info: org.openqa.selenium.chrome.ChromeDriver
Capabilities {acceptInsecureCerts: false, browserName: chrome, browserVersion: 107.0.5304.107, chrome: {chromedriverVersion: 107.0.5304.62 (1eec40d3a576..., userDataDir: C:\Users\GSMKIB~1\AppData\L...}, goog:chromeOptions: {debuggerAddress: localhost:60625}, javascriptEnabled: true, networkConnectionEnabled: false, pageLoadStrategy: normal, platform: WINDOWS, platformName: WINDOWS, proxy: Proxy(), setWindowRect: true, strictFileInteractability: false, timeouts: {implicit: 0, pageLoad: 300000, script: 30000}, unhandledPromptBehavior: dismiss and notify, webauthn:extension:credBlob: true, webauthn:extension:largeBlob: true, webauthn:virtualAuthenticators: true}
Session ID: fe7e28978613efaed6aaa78be0f6ea19
*** Element info: {Using=xpath, value=//span[2][contains(text(), 'shoes')]}
Caused by: org.openqa.selenium.NoSuchElementException: 
no such element: Unable to locate element: {"method":"xpath","selector":"//span[2][contains(text(), 'shoes')]"}
  (Session info: chrome=107.0.5304.107)
For documentation on this error, please visit: http://seleniumhq.org/exceptions/no_such_element.html
Build info: version: '3.12.0', revision: '7c6e0b3', time: '2018-05-08T14:04:26.12Z'
System info: host: 'DESKTOP-2LPGSEH', ip: '192.168.1.96', os.name: 'Windows 10', os.arch: 'amd64', os.version: '10.0', java.version: '1.8.0_202'
Driver info: org.openqa.selenium.chrome.ChromeDriver
Capabilities {acceptInsecureCerts: false, browserName: chrome, browserVersion: 107.0.5304.107, chrome: {chromedriverVersion: 107.0.5304.62 (1eec40d3a576..., userDataDir: C:\Users\GSMKIB~1\AppData\L...}, goog:chromeOptions: {debuggerAddress: localhost:60625}, javascriptEnabled: true, networkConnectionEnabled: false, pageLoadStrategy: normal, platform: WINDOWS, platformName: WINDOWS, proxy: Proxy(), setWindowRect: true, strictFileInteractability: false, timeouts: {implicit: 0, pageLoad: 300000, script: 30000}, unhandledPromptBehavior: dismiss and notify, webauthn:extension:credBlob: true, webauthn:extension:largeBlob: true, webauthn:virtualAuthenticators: true}
Session ID: fe7e28978613efaed6aaa78be0f6ea19
*** Element info: {Using=xpath, value=//span[2][contains(text(), 'shoes')]}
</failure>
    <system-out><![CDATA[@regression @smoke @us-246
Feature: Ebay Brand Outline
  
  Description: User should able to filter items by Brand

  Scenario Outline: Filter items by Brand            # EbayBrandOutline.feature:9
    Given Search for "<Items>"
    When Filter by "<Brand>"
    Then Item list should have products of "<Brand>"

    Examples: 
--->>>> Initializing Driver....
Test Scenario Name : Filter items by Brand

  Background:                # EbayBrandOutline.feature:6
    Given Open Ebay Homepage # EbayHomepageSteps.open_Ebay_Homepage()
>>>>>>>> Screenshot Taken >>>>>>>>
 ------Test Complete, Browser Closed 
--->>>> Initializing Driver....
Test Scenario Name : Filter items by Brand

  @smoke @regression @us-246
  Scenario Outline: Filter items by Brand         # EbayBrandOutline.feature:16
    Given Search for "Shoes"                      # EbayHomepageSteps.search_for(String)
    When Filter by "Nike"                         # EbaySearchResultSteps.filter_by(String)
    Then Item list should have products of "Nike" # EbaySearchResultSteps.item_list_should_have_products_of(String)
      org.openqa.selenium.NoSuchElementException: no such element: Unable to locate element: {"method":"xpath","selector":"//span[2][contains(text(), 'shoes')]"}
        (Session info: chrome=107.0.5304.107)
      For documentation on this error, please visit: http://seleniumhq.org/exceptions/no_such_element.html
      Build info: version: '3.12.0', revision: '7c6e0b3', time: '2018-05-08T14:04:26.12Z'
      System info: host: 'DESKTOP-2LPGSEH', ip: '192.168.1.96', os.name: 'Windows 10', os.arch: 'amd64', os.version: '10.0', java.version: '1.8.0_202'
      Driver info: org.openqa.selenium.chrome.ChromeDriver
      Capabilities {acceptInsecureCerts: false, browserName: chrome, browserVersion: 107.0.5304.107, chrome: {chromedriverVersion: 107.0.5304.62 (1eec40d3a576..., userDataDir: C:\Users\GSMKIB~1\AppData\L...}, goog:chromeOptions: {debuggerAddress: localhost:60625}, javascriptEnabled: true, networkConnectionEnabled: false, pageLoadStrategy: normal, platform: WINDOWS, platformName: WINDOWS, proxy: Proxy(), setWindowRect: true, strictFileInteractability: false, timeouts: {implicit: 0, pageLoad: 300000, script: 30000}, unhandledPromptBehavior: dismiss and notify, webauthn:extension:credBlob: true, webauthn:extension:largeBlob: true, webauthn:virtualAuthenticators: true}
      Session ID: fe7e28978613efaed6aaa78be0f6ea19
      *** Element info: {Using=xpath, value=//span[2][contains(text(), 'shoes')]}
      	at sun.reflect.NativeConstructorAccessorImpl.newInstance0(Native Method)
      	at sun.reflect.NativeConstructorAccessorImpl.newInstance(Unknown Source)
      	at sun.reflect.DelegatingConstructorAccessorImpl.newInstance(Unknown Source)
      	at java.lang.reflect.Constructor.newInstance(Unknown Source)
      	at org.openqa.selenium.remote.http.W3CHttpResponseCodec.createException(W3CHttpResponseCodec.java:187)
      	at org.openqa.selenium.remote.http.W3CHttpResponseCodec.decode(W3CHttpResponseCodec.java:122)
      	at org.openqa.selenium.remote.http.W3CHttpResponseCodec.decode(W3CHttpResponseCodec.java:49)
      	at org.openqa.selenium.remote.HttpCommandExecutor.execute(HttpCommandExecutor.java:158)
      	at org.openqa.selenium.remote.service.DriverCommandExecutor.execute(DriverCommandExecutor.java:83)
      	at org.openqa.selenium.remote.RemoteWebDriver.execute(RemoteWebDriver.java:543)
      	at org.openqa.selenium.remote.RemoteWebDriver.findElement(RemoteWebDriver.java:317)
      	at org.openqa.selenium.remote.RemoteWebDriver.findElementByXPath(RemoteWebDriver.java:419)
      	at org.openqa.selenium.By$ByXPath.findElement(By.java:353)
      	at org.openqa.selenium.remote.RemoteWebDriver.findElement(RemoteWebDriver.java:309)
      	at org.openqa.selenium.support.pagefactory.DefaultElementLocator.findElement(DefaultElementLocator.java:69)
      	at org.openqa.selenium.support.pagefactory.internal.LocatingElementHandler.invoke(LocatingElementHandler.java:38)
      	at com.sun.proxy.$Proxy18.isDisplayed(Unknown Source)
      	at upskill.ebay.pageAction.EbaySearchResultActions.verifyBrandItems(EbaySearchResultActions.java:42)
      	at upskill.ebay.stepDef.EbaySearchResultSteps.item_list_should_have_products_of(EbaySearchResultSteps.java:23)
      	at ?.Then Item list should have products of "Nike"(EbayBrandOutline.feature:12)


  Background:                # EbayBrandOutline.feature:6
    Given Open Ebay Homepage # EbayHomepageSteps.open_Ebay_Homepage()
 ------Test Complete, Browser Closed 
--->>>> Initializing Driver....
Test Scenario Name : Filter items by Brand

  @smoke @regression @us-246
  Scenario Outline: Filter items by Brand           # EbayBrandOutline.feature:17
    Given Search for "Shirts"                       # EbayHomepageSteps.search_for(String)
    When Filter by "Adidas"                         # EbaySearchResultSteps.filter_by(String)
    Then Item list should have products of "Adidas" # EbaySearchResultSteps.item_list_should_have_products_of(String)

  Background:                # EbayBrandOutline.feature:6
    Given Open Ebay Homepage # EbayHomepageSteps.open_Ebay_Homepage()
 ------Test Complete, Browser Closed 

  @smoke @regression @us-246
  Scenario Outline: Filter items by Brand              # EbayBrandOutline.feature:18
    Given Search for "Pants"                           # EbayHomepageSteps.search_for(String)
    When Filter by "Unbranded"                         # EbaySearchResultSteps.filter_by(String)
    Then Item list should have products of "Unbranded" # EbaySearchResultSteps.item_list_should_have_products_of(String)
]]></system-out>
    <system-err><![CDATA[SLF4J: Failed to load class "org.slf4j.impl.StaticLoggerBinder".
SLF4J: Defaulting to no-operation (NOP) logger implementation
SLF4J: See http://www.slf4j.org/codes.html#StaticLoggerBinder for further details.
Starting ChromeDriver 107.0.5304.62 (1eec40d3a5764881c92085aaee66d25075c159aa-refs/branch-heads/5304@{#942}) on port 1401
Only local connections are allowed.
Please see https://chromedriver.chromium.org/security-considerations for suggestions on keeping ChromeDriver safe.
ChromeDriver was started successfully.
Nov 20, 2022 12:56:00 PM org.openqa.selenium.remote.ProtocolHandshake createSession
INFO: Detected dialect: W3C
Starting ChromeDriver 107.0.5304.62 (1eec40d3a5764881c92085aaee66d25075c159aa-refs/branch-heads/5304@{#942}) on port 20273
Only local connections are allowed.
Please see https://chromedriver.chromium.org/security-considerations for suggestions on keeping ChromeDriver safe.
ChromeDriver was started successfully.
Nov 20, 2022 12:56:31 PM org.openqa.selenium.remote.ProtocolHandshake createSession
INFO: Detected dialect: W3C
Starting ChromeDriver 107.0.5304.62 (1eec40d3a5764881c92085aaee66d25075c159aa-refs/branch-heads/5304@{#942}) on port 19771
Only local connections are allowed.
Please see https://chromedriver.chromium.org/security-considerations for suggestions on keeping ChromeDriver safe.
ChromeDriver was started successfully.
Nov 20, 2022 12:56:47 PM org.openqa.selenium.remote.ProtocolHandshake createSession
INFO: Detected dialect: W3C
]]></system-err>
  </testcase>
  <testcase name="feature" classname="upskill.runners.RunnerClass" time="31.977"/>
  <testcase name="feature" classname="upskill.runners.RunnerClass" time="4.383"/>
  <testcase name="feature" classname="upskill.runners.RunnerClass" time="12.789"/>
  <testcase name="feature" classname="upskill.runners.RunnerClass" time="12.533"/>
  <testcase name="feature" classname="upskill.runners.RunnerClass" time="16.209"/>
</testsuite>